<?xml version="1.0" encoding="UTF-8"?>
<!-- Generated by org.testng.reporters.JUnitReportReporter -->
<testsuite skipped="0" hostname="harish-ThinkPad-P52" name="docker.DockerWithChrome" tests="1" failures="0" timestamp="2022-01-21T18:22:26 IST" time="2.778" errors="0">
  <testcase name="testBrowser" time="2.778" classname="docker.DockerWithChrome"/>
  <system-out/>
</testsuite> <!-- docker.DockerWithChrome -->
